#
# A fatal error has been detected by the Java Runtime Environment:
#
#  EXCEPTION_ACCESS_VIOLATION (0xc0000005) at pc=0x000000006180aa03, pid=2416, tid=5236
#
# JRE version: Java(TM) SE Runtime Environment (8.0_65-b17) (build 1.8.0_65-b17)
# Java VM: Java HotSpot(TM) 64-Bit Server VM (25.65-b01 mixed mode windows-amd64 compressed oops)
# Problematic frame:
# V  [jvm.dll+0x49aa03]
#
# Failed to write core dump. Minidumps are not enabled by default on client versions of Windows
#
# If you would like to submit a bug report, please visit:
#   http://bugreport.java.com/bugreport/crash.jsp
#

---------------  T H R E A D  ---------------

Current thread (0x0000000017a60800):  JavaThread "C2 CompilerThread1" daemon [_thread_in_native, id=5236, stack(0x00000000191b0000,0x00000000192b0000)]

siginfo: ExceptionCode=0xc0000005, writing address 0x0000000000000000

Registers:
RAX=0x0000000000000000, RBX=0x00000000226f6bb0, RCX=0x00000000192abe90, RDX=0x0000000000400000
RSP=0x00000000192abdf8, RBP=0x00000000000030d6, RSI=0x0000000000000000, RDI=0x0000000000003c5f
R8 =0x0000000000400000, R9 =0x0000000023c264c0, R10=0x0000000061370000, R11=0x0000000022756510
R12=0x0000000061b7ace8, R13=0x000000002087bdf0, R14=0x000000000015d740, R15=0x0000000061370000
RIP=0x000000006180aa03, EFLAGS=0x0000000000010246

Top of Stack: (sp=0x00000000192abdf8)
0x00000000192abdf8:   00000000617d3bbf 00000000192ac1d0
0x00000000192abe08:   00000000226f2fb0 00000000000030d6
0x00000000192abe18:   00000000192ac1b0 000045ef00000000
0x00000000192abe28:   0000000000000008 000000001eded700
0x00000000192abe38:   0000000000000047 000000002188b390
0x00000000192abe48:   0000000000000047 000000002268e3d0
0x00000000192abe58:   000045f400000000 0000000000000008
0x00000000192abe68:   0000000021b7a3a0 0000000000000047
0x00000000192abe78:   0000000023fe2828 0000000000000047
0x00000000192abe88:   0000000022683610 00003c6400000000
0x00000000192abe98:   0000000000000003 0000000023cddc80
0x00000000192abea8:   000000000000003d 000000001e6ea600
0x00000000192abeb8:   0000000000000047 00000000192ac1d0
0x00000000192abec8:   0000000000000047 0000000021072b50
0x00000000192abed8:   00000000192ac1b0 00000000000030d6
0x00000000192abee8:   000000002268e3d0 00000000000031ec 

Instructions: (pc=0x000000006180aa03)
0x000000006180a9e3:   00 00 72 e9 48 8b 5c 24 40 48 83 c4 20 5f c3 cc
0x000000006180a9f3:   cc cc cc cc cc cc cc cc cc cc cc cc cc 40 57 48
0x000000006180aa03:   83 ec 20 48 63 51 08 48 8b f9 83 fa 08 73 22 48
0x000000006180aa13:   8b 41 10 48 8d 0c 90 66 0f 1f 44 00 00 83 39 00 


Register to memory mapping:

RAX=0x0000000000000000 is an unknown value
RBX=0x00000000226f6bb0 is an unknown value
RCX=0x00000000192abe90 is pointing into the stack for thread: 0x0000000017a60800
RDX=0x0000000000400000 is an unknown value
RSP=0x00000000192abdf8 is pointing into the stack for thread: 0x0000000017a60800
RBP=0x00000000000030d6 is an unknown value
RSI=0x0000000000000000 is an unknown value
RDI=0x0000000000003c5f is an unknown value
R8 =0x0000000000400000 is an unknown value
R9 =0x0000000023c264c0 is an unknown value
R10=0x0000000061370000 is an unknown value
R11=0x0000000022756510 is an unknown value
R12=0x0000000061b7ace8 is an unknown value
R13=0x000000002087bdf0 is an unknown value
R14=0x000000000015d740 is an unknown value
R15=0x0000000061370000 is an unknown value


Stack: [0x00000000191b0000,0x00000000192b0000],  sp=0x00000000192abdf8,  free space=1007k
Native frames: (J=compiled Java code, j=interpreted, Vv=VM code, C=native code)
V  [jvm.dll+0x49aa03]
C  0x00000000192ac1d0


Current CompileTask:
C2:  31920 4845   !   4       javafx.scene.CssStyleHelper::transitionToState (1075 bytes)


---------------  P R O C E S S  ---------------

Java Threads: ( => current thread )
  0x0000000019b79000 JavaThread "Prism Font Disposer" daemon [_thread_blocked, id=8504, stack(0x000000001db00000,0x000000001dc00000)]
  0x0000000019a02000 JavaThread "JavaFX-Launcher" [_thread_blocked, id=5932, stack(0x000000001c520000,0x000000001c620000)]
  0x0000000019a01800 JavaThread "Thread-2" daemon [_thread_in_native, id=8360, stack(0x000000001be40000,0x000000001bf40000)]
  0x000000001976c800 JavaThread "JavaFX Application Thread" [_thread_in_native, id=7240, stack(0x000000001a5b0000,0x000000001a6b0000)]
  0x00000000199bf000 JavaThread "Thread-1" daemon [_thread_blocked, id=5612, stack(0x000000001a4b0000,0x000000001a5b0000)]
  0x0000000019759800 JavaThread "QuantumRenderer-0" daemon [_thread_blocked, id=2848, stack(0x000000001a1b0000,0x000000001a2b0000)]
  0x00000000193d0800 JavaThread "Service Thread" daemon [_thread_blocked, id=5992, stack(0x00000000197b0000,0x00000000198b0000)]
  0x0000000017a6a000 JavaThread "C1 CompilerThread2" daemon [_thread_blocked, id=3620, stack(0x00000000192b0000,0x00000000193b0000)]
=>0x0000000017a60800 JavaThread "C2 CompilerThread1" daemon [_thread_in_native, id=5236, stack(0x00000000191b0000,0x00000000192b0000)]
  0x0000000017a5d800 JavaThread "C2 CompilerThread0" daemon [_thread_blocked, id=4912, stack(0x00000000190b0000,0x00000000191b0000)]
  0x0000000017a5b800 JavaThread "Attach Listener" daemon [_thread_blocked, id=8848, stack(0x0000000018fb0000,0x00000000190b0000)]
  0x0000000017a5b000 JavaThread "Signal Dispatcher" daemon [_thread_blocked, id=1488, stack(0x0000000018eb0000,0x0000000018fb0000)]
  0x0000000002ee7800 JavaThread "Finalizer" daemon [_thread_blocked, id=1276, stack(0x0000000018cb0000,0x0000000018db0000)]
  0x0000000017a29000 JavaThread "Reference Handler" daemon [_thread_blocked, id=9204, stack(0x0000000018bb0000,0x0000000018cb0000)]
  0x0000000002df0800 JavaThread "main" [_thread_blocked, id=8672, stack(0x0000000002cf0000,0x0000000002df0000)]

Other Threads:
  0x0000000017a27800 VMThread [stack: 0x0000000018ab0000,0x0000000018bb0000] [id=8584]
  0x00000000193f4800 WatcherThread [stack: 0x00000000198b0000,0x00000000199b0000] [id=7920]

VM state:not at safepoint (normal execution)

VM Mutex/Monitor currently owned by a thread: None

Heap:
 PSYoungGen      total 34816K, used 8425K [0x00000000d5c00000, 0x00000000d8b00000, 0x0000000100000000)
  eden space 33280K, 20% used [0x00000000d5c00000,0x00000000d62ca4f8,0x00000000d7c80000)
  from space 1536K, 95% used [0x00000000d8980000,0x00000000d8af0000,0x00000000d8b00000)
  to   space 5120K, 0% used [0x00000000d8100000,0x00000000d8100000,0x00000000d8600000)
 ParOldGen       total 76800K, used 10458K [0x0000000081400000, 0x0000000085f00000, 0x00000000d5c00000)
  object space 76800K, 13% used [0x0000000081400000,0x0000000081e36b40,0x0000000085f00000)
 Metaspace       used 21448K, capacity 22276K, committed 22400K, reserved 1069056K
  class space    used 2910K, capacity 3099K, committed 3200K, reserved 1048576K

Card table byte_map: [0x00000000122b0000,0x00000000126b0000] byte_map_base: 0x0000000011ea6000

Marking Bits: (ParMarkBitMap*) 0x0000000061b7a5b0
 Begin Bits: [0x0000000012d60000, 0x0000000014d10000)
 End Bits:   [0x0000000014d10000, 0x0000000016cc0000)

Polling page: 0x00000000011d0000

CodeCache: size=245760Kb used=13855Kb max_used=16211Kb free=231904Kb
 bounds [0x0000000002ef0000, 0x0000000003ef0000, 0x0000000011ef0000]
 total_blobs=4907 nmethods=4227 adapters=590
 compilation: enabled

Compilation events (10 events):
Event: 31.719 Thread 0x0000000017a5d800 4939       4       com.sun.javafx.sg.prism.NGGroup::markCullRegions (198 bytes)
Event: 31.735 Thread 0x0000000017a5d800 nmethod 4939 0x0000000003998f50 code [0x00000000039991a0, 0x0000000003999ad8]
Event: 31.736 Thread 0x0000000017a6a000 4940       3       com.sun.javafx.geom.PickRay::getNearClip (5 bytes)
Event: 31.736 Thread 0x0000000017a6a000 nmethod 4940 0x000000000365bb10 code [0x000000000365bc60, 0x000000000365bdb0]
Event: 31.736 Thread 0x0000000017a6a000 4941       3       com.sun.javafx.geom.PickRay::getFarClip (5 bytes)
Event: 31.737 Thread 0x0000000017a6a000 nmethod 4941 0x00000000036f5750 code [0x00000000036f58a0, 0x00000000036f59f0]
Event: 31.752 Thread 0x0000000017a5d800 4942       4       com.sun.javafx.geom.Shape::pointCrossingsForLine (110 bytes)
Event: 31.753 Thread 0x0000000017a5d800 nmethod 4942 0x0000000003864150 code [0x0000000003864280, 0x00000000038643f8]
Event: 31.753 Thread 0x0000000017a5d800 4943       4       com.sun.prism.impl.VertexBuffer::addSuperQuad (540 bytes)
Event: 31.757 Thread 0x0000000017a5d800 nmethod 4943 0x00000000030a7e10 code [0x00000000030a7f80, 0x00000000030a8318]

GC Heap History (10 events):
Event: 4.056 GC heap before
{Heap before GC invocations=1 (full 0):
 PSYoungGen      total 38400K, used 33280K [0x00000000d5c00000, 0x00000000d8680000, 0x0000000100000000)
  eden space 33280K, 100% used [0x00000000d5c00000,0x00000000d7c80000,0x00000000d7c80000)
  from space 5120K, 0% used [0x00000000d8180000,0x00000000d8180000,0x00000000d8680000)
  to   space 5120K, 0% used [0x00000000d7c80000,0x00000000d7c80000,0x00000000d8180000)
 ParOldGen       total 87552K, used 0K [0x0000000081400000, 0x0000000086980000, 0x00000000d5c00000)
  object space 87552K, 0% used [0x0000000081400000,0x0000000081400000,0x0000000086980000)
 Metaspace       used 15558K, capacity 16084K, committed 16256K, reserved 1062912K
  class space    used 2228K, capacity 2377K, committed 2432K, reserved 1048576K
Event: 4.064 GC heap after
Heap after GC invocations=1 (full 0):
 PSYoungGen      total 38400K, used 4416K [0x00000000d5c00000, 0x00000000d8680000, 0x0000000100000000)
  eden space 33280K, 0% used [0x00000000d5c00000,0x00000000d5c00000,0x00000000d7c80000)
  from space 5120K, 86% used [0x00000000d7c80000,0x00000000d80d0020,0x00000000d8180000)
  to   space 5120K, 0% used [0x00000000d8180000,0x00000000d8180000,0x00000000d8680000)
 ParOldGen       total 87552K, used 80K [0x0000000081400000, 0x0000000086980000, 0x00000000d5c00000)
  object space 87552K, 0% used [0x0000000081400000,0x0000000081414010,0x0000000086980000)
 Metaspace       used 15558K, capacity 16084K, committed 16256K, reserved 1062912K
  class space    used 2228K, capacity 2377K, committed 2432K, reserved 1048576K
}
Event: 7.763 GC heap before
{Heap before GC invocations=2 (full 0):
 PSYoungGen      total 38400K, used 35761K [0x00000000d5c00000, 0x00000000d8680000, 0x0000000100000000)
  eden space 33280K, 94% used [0x00000000d5c00000,0x00000000d7a9c480,0x00000000d7c80000)
  from space 5120K, 86% used [0x00000000d7c80000,0x00000000d80d0020,0x00000000d8180000)
  to   space 5120K, 0% used [0x00000000d8180000,0x00000000d8180000,0x00000000d8680000)
 ParOldGen       total 87552K, used 80K [0x0000000081400000, 0x0000000086980000, 0x00000000d5c00000)
  object space 87552K, 0% used [0x0000000081400000,0x0000000081414010,0x0000000086980000)
 Metaspace       used 20300K, capacity 21132K, committed 21296K, reserved 1067008K
  class space    used 2888K, capacity 3091K, committed 3200K, reserved 1048576K
Event: 7.782 GC heap after
Heap after GC invocations=2 (full 0):
 PSYoungGen      total 38400K, used 5090K [0x00000000d5c00000, 0x00000000d8680000, 0x0000000100000000)
  eden space 33280K, 0% used [0x00000000d5c00000,0x00000000d5c00000,0x00000000d7c80000)
  from space 5120K, 99% used [0x00000000d8180000,0x00000000d8678ab0,0x00000000d8680000)
  to   space 5120K, 0% used [0x00000000d7c80000,0x00000000d7c80000,0x00000000d8180000)
 ParOldGen       total 87552K, used 7560K [0x0000000081400000, 0x0000000086980000, 0x00000000d5c00000)
  object space 87552K, 8% used [0x0000000081400000,0x0000000081b62070,0x0000000086980000)
 Metaspace       used 20300K, capacity 21132K, committed 21296K, reserved 1067008K
  class space    used 2888K, capacity 3091K, committed 3200K, reserved 1048576K
}
Event: 7.782 GC heap before
{Heap before GC invocations=3 (full 1):
 PSYoungGen      total 38400K, used 5090K [0x00000000d5c00000, 0x00000000d8680000, 0x0000000100000000)
  eden space 33280K, 0% used [0x00000000d5c00000,0x00000000d5c00000,0x00000000d7c80000)
  from space 5120K, 99% used [0x00000000d8180000,0x00000000d8678ab0,0x00000000d8680000)
  to   space 5120K, 0% used [0x00000000d7c80000,0x00000000d7c80000,0x00000000d8180000)
 ParOldGen       total 87552K, used 7560K [0x0000000081400000, 0x0000000086980000, 0x00000000d5c00000)
  object space 87552K, 8% used [0x0000000081400000,0x0000000081b62070,0x0000000086980000)
 Metaspace       used 20300K, capacity 21132K, committed 21296K, reserved 1067008K
  class space    used 2888K, capacity 3091K, committed 3200K, reserved 1048576K
Event: 7.842 GC heap after
Heap after GC invocations=3 (full 1):
 PSYoungGen      total 38400K, used 0K [0x00000000d5c00000, 0x00000000d8680000, 0x0000000100000000)
  eden space 33280K, 0% used [0x00000000d5c00000,0x00000000d5c00000,0x00000000d7c80000)
  from space 5120K, 0% used [0x00000000d8180000,0x00000000d8180000,0x00000000d8680000)
  to   space 5120K, 0% used [0x00000000d7c80000,0x00000000d7c80000,0x00000000d8180000)
 ParOldGen       total 76800K, used 10458K [0x0000000081400000, 0x0000000085f00000, 0x00000000d5c00000)
  object space 76800K, 13% used [0x0000000081400000,0x0000000081e36b40,0x0000000085f00000)
 Metaspace       used 20300K, capacity 21132K, committed 21296K, reserved 1067008K
  class space    used 2888K, capacity 3091K, committed 3200K, reserved 1048576K
}
Event: 10.647 GC heap before
{Heap before GC invocations=4 (full 1):
 PSYoungGen      total 38400K, used 33280K [0x00000000d5c00000, 0x00000000d8680000, 0x0000000100000000)
  eden space 33280K, 100% used [0x00000000d5c00000,0x00000000d7c80000,0x00000000d7c80000)
  from space 5120K, 0% used [0x00000000d8180000,0x00000000d8180000,0x00000000d8680000)
  to   space 5120K, 0% used [0x00000000d7c80000,0x00000000d7c80000,0x00000000d8180000)
 ParOldGen       total 76800K, used 10458K [0x0000000081400000, 0x0000000085f00000, 0x00000000d5c00000)
  object space 76800K, 13% used [0x0000000081400000,0x0000000081e36b40,0x0000000085f00000)
 Metaspace       used 21145K, capacity 22002K, committed 22144K, reserved 1069056K
  class space    used 2906K, capacity 3096K, committed 3200K, reserved 1048576K
Event: 10.650 GC heap after
Heap after GC invocations=4 (full 1):
 PSYoungGen      total 38400K, used 960K [0x00000000d5c00000, 0x00000000d8e80000, 0x0000000100000000)
  eden space 33280K, 0% used [0x00000000d5c00000,0x00000000d5c00000,0x00000000d7c80000)
  from space 5120K, 18% used [0x00000000d7c80000,0x00000000d7d70000,0x00000000d8180000)
  to   space 5120K, 0% used [0x00000000d8980000,0x00000000d8980000,0x00000000d8e80000)
 ParOldGen       total 76800K, used 10458K [0x0000000081400000, 0x0000000085f00000, 0x00000000d5c00000)
  object space 76800K, 13% used [0x0000000081400000,0x0000000081e36b40,0x0000000085f00000)
 Metaspace       used 21145K, capacity 22002K, committed 22144K, reserved 1069056K
  class space    used 2906K, capacity 3096K, committed 3200K, reserved 1048576K
}
Event: 12.859 GC heap before
{Heap before GC invocations=5 (full 1):
 PSYoungGen      total 38400K, used 34240K [0x00000000d5c00000, 0x00000000d8e80000, 0x0000000100000000)
  eden space 33280K, 100% used [0x00000000d5c00000,0x00000000d7c80000,0x00000000d7c80000)
  from space 5120K, 18% used [0x00000000d7c80000,0x00000000d7d70000,0x00000000d8180000)
  to   space 5120K, 0% used [0x00000000d8980000,0x00000000d8980000,0x00000000d8e80000)
 ParOldGen       total 76800K, used 10458K [0x0000000081400000, 0x0000000085f00000, 0x00000000d5c00000)
  object space 76800K, 13% used [0x0000000081400000,0x0000000081e36b40,0x0000000085f00000)
 Metaspace       used 21338K, capacity 22200K, committed 22400K, reserved 1069056K
  class space    used 2908K, capacity 3097K, committed 3200K, reserved 1048576K
Event: 12.862 GC heap after
Heap after GC invocations=5 (full 1):
 PSYoungGen      total 34816K, used 1472K [0x00000000d5c00000, 0x00000000d8b00000, 0x0000000100000000)
  eden space 33280K, 0% used [0x00000000d5c00000,0x00000000d5c00000,0x00000000d7c80000)
  from space 1536K, 95% used [0x00000000d8980000,0x00000000d8af0000,0x00000000d8b00000)
  to   space 5120K, 0% used [0x00000000d8100000,0x00000000d8100000,0x00000000d8600000)
 ParOldGen       total 76800K, used 10458K [0x0000000081400000, 0x0000000085f00000, 0x00000000d5c00000)
  object space 76800K, 13% used [0x0000000081400000,0x0000000081e36b40,0x0000000085f00000)
 Metaspace       used 21338K, capacity 22200K, committed 22400K, reserved 1069056K
  class space    used 2908K, capacity 3097K, committed 3200K, reserved 1048576K
}

Deoptimization events (10 events):
Event: 12.867 Thread 0x000000001976c800 Uncommon trap: reason=unstable_if action=reinterpret pc=0x0000000003aece64 method=java.text.DecimalFormat.applyPattern(Ljava/lang/String;Z)V @ 162
Event: 15.900 Thread 0x000000001976c800 Uncommon trap: reason=unstable_if action=reinterpret pc=0x00000000032a8c38 method=com.sun.org.apache.xerces.internal.impl.XMLEntityScanner.peekChar()I @ 14
Event: 15.905 Thread 0x000000001976c800 Uncommon trap: reason=unstable_if action=reinterpret pc=0x0000000003eb31c4 method=com.sun.org.apache.xerces.internal.impl.XMLEntityScanner.scanContent(Lcom/sun/org/apache/xerces/internal/xni/XMLString;)I @ 44
Event: 18.917 Thread 0x000000001976c800 Uncommon trap: reason=unstable_if action=reinterpret pc=0x0000000003ebe9a0 method=com.sun.org.apache.xerces.internal.impl.XMLEntityScanner.scanQName(Lcom/sun/org/apache/xerces/internal/xni/QName;)Z @ 69
Event: 24.943 Thread 0x000000001976c800 Uncommon trap: reason=unstable_if action=reinterpret pc=0x000000000300fbac method=com.sun.org.apache.xerces.internal.impl.XMLEntityScanner.scanContent(Lcom/sun/org/apache/xerces/internal/xni/XMLString;)I @ 448
Event: 30.959 Thread 0x000000001976c800 Uncommon trap: reason=unstable_if action=reinterpret pc=0x0000000003c57618 method=com.sun.javafx.css.StyleManager$CacheContainer.getCacheMap(Ljava/util/List;Ljava/lang/String;)Ljava/util/Map; @ 4
Event: 30.961 Thread 0x000000001976c800 Uncommon trap: reason=unstable_if action=reinterpret pc=0x0000000003c76624 method=javafx.scene.CssStyleHelper.canReuseStyleHelper(Ljavafx/scene/Node;Lcom/sun/javafx/css/StyleMap;)Z @ 111
Event: 30.969 Thread 0x000000001976c800 Uncommon trap: reason=unstable_if action=reinterpret pc=0x000000000383f7ac method=java.lang.StrictMath.floorOrCeil(DDDD)D @ 38
Event: 30.972 Thread 0x000000001976c800 Uncommon trap: reason=null_check action=make_not_entrant pc=0x0000000003dbc194 method=javafx.scene.CssStyleHelper.getCachedFont(Ljavafx/css/Styleable;)Lcom/sun/javafx/css/CalculatedValue; @ 1
Event: 30.988 Thread 0x000000001976c800 Uncommon trap: reason=unstable_if action=reinterpret pc=0x0000000003dfb3dc method=java.text.DecimalFormat.subformat(Ljava/lang/StringBuffer;Ljava/text/Format$FieldDelegate;ZZIIII)Ljava/lang/StringBuffer; @ 865

Internal exceptions (10 events):
Event: 0.816 Thread 0x000000001976c800 Exception <a 'java/lang/ClassNotFoundException': com/sun/org/glassfish/hk2/osgiresourcelocator/ServiceLoader> (0x00000000d771f350) thrown at [C:\workspace\8-2-build-windows-amd64-cygwin\jdk8u65\4987\hotspot\src\share\vm\classfile\systemDictionary.cpp, line$èY™š7ê?
Event: 0.819 Thread 0x000000001976c800 Exception <a 'java/lang/NullPointerException'> (0x00000000d7726ae8) thrown at [C:\workspace\8-2-build-windows-amd64-cygwin\jdk8u65\4987\hotspot\src\share\vm\interpreter\linkResolver.cpp, line 1280]
Event: 0.849 Thread 0x000000001976c800 Exception <a 'java/lang/ArrayIndexOutOfBoundsException'> (0x00000000d77bbc48) thrown at [C:\workspace\8-2-build-windows-amd64-cygwin\jdk8u65\4987\hotspot\src\share\vm\runtime\sharedRuntime.cpp, line 605]
Event: 0.849 Thread 0x000000001976c800 Exception <a 'java/lang/ArrayIndexOutOfBoundsException'> (0x00000000d77bd130) thrown at [C:\workspace\8-2-build-windows-amd64-cygwin\jdk8u65\4987\hotspot\src\share\vm\runtime\sharedRuntime.cpp, line 605]
Event: 4.023 Thread 0x000000001976c800 Implicit null exception at 0x00000000031daa35 to 0x00000000031dac45
Event: 4.206 Thread 0x000000001976c800 Implicit null exception at 0x0000000003309766 to 0x00000000033097b1
Event: 4.590 Thread 0x0000000019759800 Implicit null exception at 0x00000000032bfeba to 0x00000000032c02e1
Event: 30.959 Thread 0x000000001976c800 Implicit null exception at 0x0000000003c518de to 0x0000000003c575d5
Event: 30.961 Thread 0x000000001976c800 Implicit null exception at 0x0000000003c71ba6 to 0x0000000003c765f5
Event: 30.972 Thread 0x000000001976c800 Implicit null exception at 0x0000000003db3cc4 to 0x0000000003dbc165

Events (10 events):
Event: 31.055 Thread 0x0000000017a6a000 flushing nmethod 0x000000000327ae10
Event: 31.055 Thread 0x0000000017a6a000 flushing nmethod 0x000000000327f590
Event: 31.055 Thread 0x0000000017a6a000 flushing nmethod 0x000000000327fb50
Event: 31.055 Thread 0x0000000017a6a000 flushing nmethod 0x00000000032a6610
Event: 31.055 Thread 0x0000000017a6a000 flushing nmethod 0x00000000032a8dd0
Event: 31.055 Thread 0x0000000017a6a000 flushing nmethod 0x00000000032ab710
Event: 31.055 Thread 0x0000000017a6a000 flushing nmethod 0x00000000032aba50
Event: 31.055 Thread 0x0000000017a6a000 flushing nmethod 0x00000000032b1fd0
Event: 31.055 Thread 0x0000000017a6a000 flushing nmethod 0x00000000032cc650
Event: 31.205 Thread 0x0000000017a6a000 flushing nmethod 0x0000000003aeb790


Dynamic libraries:
0x00007ff6aff20000 - 0x00007ff6aff57000 	C:\Program Files\Java\jdk1.8.0_65\jre\bin\java.exe
0x00007ffa7b630000 - 0x00007ffa7b7dd000 	C:\Windows\SYSTEM32\ntdll.dll
0x00007ffa7acd0000 - 0x00007ffa7ae0e000 	C:\Windows\system32\KERNEL32.DLL
0x00007ffa4aa10000 - 0x00007ffa4aa43000 	C:\Program Files\AVAST Software\Avast\x64\aswhooka.dll
0x00007ffa78820000 - 0x00007ffa78935000 	C:\Windows\system32\KERNELBASE.dll
0x00007ffa77310000 - 0x00007ffa7739e000 	C:\Windows\system32\apphelp.dll
0x00007ffa69240000 - 0x00007ffa69293000 	C:\Windows\AppPatch\AppPatch64\AcGenral.DLL
0x00007ffa78e50000 - 0x00007ffa78efa000 	C:\Windows\system32\msvcrt.dll
0x00007ffa78c80000 - 0x00007ffa78cae000 	C:\Windows\system32\SspiCli.dll
0x00007ffa7b1d0000 - 0x00007ffa7b224000 	C:\Windows\system32\SHLWAPI.dll
0x00007ffa7b030000 - 0x00007ffa7b1a7000 	C:\Windows\system32\USER32.dll
0x00007ffa78cb0000 - 0x00007ffa78e44000 	C:\Windows\system32\ole32.dll
0x00007ffa78f60000 - 0x00007ffa7a488000 	C:\Windows\system32\SHELL32.dll
0x00007ffa77d10000 - 0x00007ffa77d31000 	C:\Windows\SYSTEM32\USERENV.dll
0x00007ffa7b580000 - 0x00007ffa7b62a000 	C:\Windows\system32\ADVAPI32.dll
0x00007ffa70ce0000 - 0x00007ffa70cfe000 	C:\Windows\SYSTEM32\MPR.dll
0x00007ffa7ab80000 - 0x00007ffa7acc0000 	C:\Windows\system32\RPCRT4.dll
0x00007ffa78f00000 - 0x00007ffa78f59000 	C:\Windows\SYSTEM32\sechost.dll
0x00007ffa7b230000 - 0x00007ffa7b442000 	C:\Windows\SYSTEM32\combase.dll
0x00007ffa7a7b0000 - 0x00007ffa7a8ff000 	C:\Windows\system32\GDI32.dll
0x00007ffa78750000 - 0x00007ffa78765000 	C:\Windows\SYSTEM32\profapi.dll
0x00007ffa76cc0000 - 0x00007ffa76d72000 	C:\Windows\SYSTEM32\SHCORE.dll
0x00007ffa7a960000 - 0x00007ffa7a996000 	C:\Windows\system32\IMM32.DLL
0x00007ffa7a490000 - 0x00007ffa7a5e2000 	C:\Windows\system32\MSCTF.dll
0x00007ffa764d0000 - 0x00007ffa7674b000 	C:\Windows\WinSxS\amd64_microsoft.windows.common-controls_6595b64144ccf1df_6.0.9600.18006_none_623f33d3ecbe86e8\COMCTL32.dll
0x00000000622f0000 - 0x00000000623c2000 	C:\Program Files\Java\jdk1.8.0_65\jre\bin\msvcr100.dll
0x0000000061370000 - 0x0000000061bf9000 	C:\Program Files\Java\jdk1.8.0_65\jre\bin\server\jvm.dll
0x00007ffa769d0000 - 0x00007ffa769d9000 	C:\Windows\SYSTEM32\WSOCK32.dll
0x00007ffa763f0000 - 0x00007ffa76412000 	C:\Windows\SYSTEM32\WINMM.dll
0x00007ffa76420000 - 0x00007ffa7642a000 	C:\Windows\SYSTEM32\VERSION.dll
0x00007ffa7ae10000 - 0x00007ffa7ae17000 	C:\Windows\system32\PSAPI.DLL
0x00007ffa7a900000 - 0x00007ffa7a95a000 	C:\Windows\system32\WS2_32.dll
0x00007ffa75700000 - 0x00007ffa7572a000 	C:\Windows\SYSTEM32\WINMMBASE.dll
0x00007ffa7b1b0000 - 0x00007ffa7b1b9000 	C:\Windows\system32\NSI.dll
0x00007ffa789f0000 - 0x00007ffa78a3f000 	C:\Windows\SYSTEM32\cfgmgr32.dll
0x00007ffa77570000 - 0x00007ffa77598000 	C:\Windows\SYSTEM32\DEVOBJ.dll
0x00000000622e0000 - 0x00000000622ef000 	C:\Program Files\Java\jdk1.8.0_65\jre\bin\verify.dll
0x0000000061300000 - 0x0000000061329000 	C:\Program Files\Java\jdk1.8.0_65\jre\bin\java.dll
0x00000000612e0000 - 0x00000000612f6000 	C:\Program Files\Java\jdk1.8.0_65\jre\bin\zip.dll
0x00007ffa5e5d0000 - 0x00007ffa5e6bf000 	C:\Program Files\Java\jdk1.8.0_65\jre\bin\msvcr120.dll
0x00007ffa65910000 - 0x00007ffa659b6000 	C:\Program Files\Java\jdk1.8.0_65\jre\bin\msvcp120.dll
0x0000000061000000 - 0x0000000061023000 	C:\Program Files\Java\jdk1.8.0_65\jre\bin\prism_d3d.dll
0x00007ffa5aa40000 - 0x00007ffa5ac61000 	C:\Windows\system32\d3d9.dll
0x00007ffa76ac0000 - 0x00007ffa76ae1000 	C:\Windows\SYSTEM32\dwmapi.dll
0x00007ffa773e0000 - 0x00007ffa77509000 	C:\Windows\system32\uxtheme.dll
0x00007ffa50cb0000 - 0x00007ffa52449000 	C:\Windows\SYSTEM32\igdumdim64.dll
0x00000000607a0000 - 0x00000000607e3000 	C:\Program Files\Java\jdk1.8.0_65\jre\bin\glass.dll
0x00007ffa7ae20000 - 0x00007ffa7aed6000 	C:\Windows\system32\COMDLG32.dll
0x00007ffa7aee0000 - 0x00007ffa7afa6000 	C:\Windows\system32\OLEAUT32.dll
0x00007ffa77560000 - 0x00007ffa7756b000 	C:\Windows\SYSTEM32\kernel.appcore.dll
0x00007ffa78620000 - 0x00007ffa7862b000 	C:\Windows\SYSTEM32\CRYPTBASE.dll
0x00007ffa785b0000 - 0x00007ffa78613000 	C:\Windows\SYSTEM32\bcryptPrimitives.dll
0x00007ffa727c0000 - 0x00007ffa7316a000 	C:\Windows\SYSTEM32\igdusc64.dll
0x00007ffa68190000 - 0x00007ffa683bd000 	C:\Program Files\Acer\Acer Power Management\SysHook.dll
0x00007ffa76000000 - 0x00007ffa76007000 	C:\Windows\SYSTEM32\MSIMG32.dll
0x00007ffa74d00000 - 0x00007ffa74d82000 	C:\Windows\SYSTEM32\WINSPOOL.DRV
0x00007ffa750b0000 - 0x00007ffa75261000 	C:\Windows\WinSxS\amd64_microsoft.windows.gdiplus_6595b64144ccf1df_1.1.9600.18592_none_933383bf47487fd6\gdiplus.dll
0x00007ffa74680000 - 0x00007ffa746ea000 	C:\Windows\SYSTEM32\OLEACC.dll
0x0000000060d90000 - 0x0000000060da4000 	C:\Program Files\Java\jdk1.8.0_65\jre\bin\javafx_font.dll
0x00007ffa74940000 - 0x00007ffa74b2b000 	C:\Windows\SYSTEM32\dwrite.dll
0x00007ffa7b4c0000 - 0x00007ffa7b576000 	C:\Windows\SYSTEM32\clbcatq.dll
0x00007ffa74dc0000 - 0x00007ffa74f6e000 	C:\Windows\SYSTEM32\WindowsCodecs.dll
0x00007ffa77fe0000 - 0x00007ffa78000000 	C:\Windows\SYSTEM32\CRYPTSP.dll
0x00007ffa77c00000 - 0x00007ffa77c36000 	C:\Windows\system32\rsaenh.dll
0x00007ffa78230000 - 0x00007ffa78256000 	C:\Windows\SYSTEM32\bcrypt.dll
0x00007ffa6d430000 - 0x00007ffa6d45e000 	C:\Program Files\Common Files\Microsoft Shared\Ink\rtscom.dll
0x00007ffa683c0000 - 0x00007ffa68841000 	C:\Windows\SYSTEM32\d2d1.dll
0x00007ffa75900000 - 0x00007ffa75b33000 	C:\Windows\SYSTEM32\d3d11.dll
0x00007ffa75270000 - 0x00007ffa752f7000 	C:\Windows\SYSTEM32\dxgi.dll
0x00007ffa709a0000 - 0x00007ffa70bff000 	C:\Windows\SYSTEM32\D3D10Warp.dll
0x0000000060780000 - 0x0000000060791000 	C:\Program Files\Java\jdk1.8.0_65\jre\bin\prism_common.dll
0x00007ffa5eb10000 - 0x00007ffa5ec99000 	C:\Windows\SYSTEM32\dbghelp.dll

VM Arguments:
jvm_args: -Dfile.encoding=UTF-8 
java_command: C:\Users\Usuario\Documents\NetBeansProjects\EntregableElecciones\dist\run181658800\EntregableElecciones.jar
java_class_path (initial): C:\Users\Usuario\Documents\NetBeansProjects\EntregableElecciones\dist\run181658800\EntregableElecciones.jar
Launcher Type: SUN_STANDARD

Environment Variables:
PATH=C:\Program Files\Haskell\bin;C:\Program Files\Haskell Platform\8.0.1\lib\extralibs\bin;C:\Program Files\Haskell Platform\8.0.1\bin;C:\ProgramData\Oracle\Java\javapath;C:\Program Files\Broadcom\Broadcom 802.11 Network Adapter;C:\PROGRAM FILES (X86)\INTEL\ICLS CLIENT\;C:\PROGRAM FILES\INTEL\ICLS CLIENT\;C:\PROGRAM FILES (X86)\NVIDIA CORPORATION\PHYSX\COMMON;C:\WINDOWS\SYSTEM32;C:\WINDOWS;C:\WINDOWS\SYSTEM32\WBEM;C:\WINDOWS\SYSTEM32\WINDOWSPOWERSHELL\V1.0\;C:\PROGRAM FILES (X86)\ACER\ABFILES\;C:\PROGRAM FILES\INTEL\INTEL(R) MANAGEMENT ENGINE COMPONENTS\DAL;C:\PROGRAM FILES (X86)\INTEL\INTEL(R) MANAGEMENT ENGINE COMPONENTS\DAL;C:\PROGRAM FILES\INTEL\INTEL(R) MANAGEMENT ENGINE COMPONENTS\IPT;C:\PROGRAM FILES (X86)\INTEL\INTEL(R) MANAGEMENT ENGINE COMPONENTS\IPT;C:\Program Files\WIDCOMM\Bluetooth Software\;C:\Program Files\WIDCOMM\Bluetooth Software\syswow64;C:\Program Files (x86)\Skype\Phone\;C:\Program Files\Haskell Platform\8.0.1\mingw\bin;C:\Users\Usuario\AppData\Roaming\cabal\bin;C:\Users\Usuario\AppData\Roaming\local\bin
USERNAME=Usuario
OS=Windows_NT
PROCESSOR_IDENTIFIER=Intel64 Family 6 Model 61 Stepping 4, GenuineIntel



---------------  S Y S T E M  ---------------

OS: Windows 8.1 , 64 bit Build 9600 (6.3.9600.17415)

CPU:total 4 (2 cores per cpu, 2 threads per core) family 6 model 61 stepping 4, cmov, cx8, fxsr, mmx, sse, sse2, sse3, ssse3, sse4.1, sse4.2, popcnt, avx, avx2, aes, clmul, erms, 3dnowpref, lzcnt, ht, tsc, tscinvbit, bmi1, bmi2, adx

Memory: 4k page, physical 8300880k(4303804k free), swap 8825168k(4439012k free)

vm_info: Java HotSpot(TM) 64-Bit Server VM (25.65-b01) for windows-amd64 JRE (1.8.0_65-b17), built on Oct  6 2015 16:39:20 by "java_re" with MS VC++ 10.0 (VS2010)

time: Thu May 25 20:53:55 2017
elapsed time: 31 seconds (0d 0h 0m 31s)

